<?xml version="1.0" encoding="UTF-8"?>
<!-- Generated by org.testng.reporters.JUnitXMLReporter -->
<testsuite ignored="0" hostname="Agio-13" failures="0" tests="3" name="Checkbox" time="8.974" errors="0" timestamp="2022-06-08T12:54:18 IST">
  <testcase classname="testingbaba_test.Testingbaba_Checkbox_test" name="clickonelement" time="0.252"/>
  <testcase classname="testingbaba_test.Testingbaba_Checkbox_test" name="clickoncheckbox" time="0.321"/>
  <testcase classname="testingbaba_test.Testingbaba_Checkbox_test" name="selectcheckbox" time="0.638"/>
</testsuite> <!-- Checkbox -->
