<?xml version="1.0" encoding="UTF-8"?>
<!-- Generated by org.testng.reporters.JUnitXMLReporter -->
<testsuite ignored="0" hostname="Agio-13" failures="0" tests="6" name="Default test" time="8.751" errors="0" timestamp="2022-06-07T18:22:17 IST">
  <testcase classname="testingbaba_test.Testingbab_Selectmenu_test" name="clickonwedgets" time="0.979"/>
  <testcase classname="testingbaba_test.Testingbab_Selectmenu_test" name="selectvalue" time="0.15"/>
  <testcase classname="testingbaba_test.Testingbab_Selectmenu_test" name="getdatafromdropdown" time="0.141"/>
  <testcase classname="testingbaba_test.Testingbab_Selectmenu_test" name="clickonmultislet" time="0.25"/>
  <testcase classname="testingbaba_test.Testingbab_Selectmenu_test" name="selectmultiple" time="0.277"/>
  <testcase classname="testingbaba_test.Testingbab_Selectmenu_test" name="getdata" time="0.13"/>
</testsuite> <!-- Default test -->
