<?xml version="1.0" encoding="UTF-8"?>
<!-- Generated by org.testng.reporters.JUnitXMLReporter -->
<testsuite ignored="0" hostname="Agio-13" failures="0" tests="7" name="Default test" time="13.844" errors="0" timestamp="2022-07-16T17:34:52 IST">
  <testcase classname="testingbaba_test.Github_test" name="clickonsignin" time="0.687"/>
  <testcase classname="testingbaba_test.Github_test" name="fillemailid" time="1.077"/>
  <testcase classname="testingbaba_test.Github_test" name="fillpassword" time="0.204"/>
  <testcase classname="testingbaba_test.Github_test" name="clicksignin" time="1.714"/>
  <testcase classname="testingbaba_test.Github_test" name="clickonsearchfield" time="1.449"/>
  <testcase classname="testingbaba_test.Github_test" name="selectnewrepsatory" time="0.182"/>
  <testcase classname="testingbaba_test.Github_test" name="cliconsignout" time="1.611"/>
</testsuite> <!-- Default test -->
