<?xml version="1.0" encoding="UTF-8"?>
<testng-results ignored="0" total="1" passed="1" failed="0" skipped="0">
  <reporter-output>
  </reporter-output>
  <suite started-at="2022-04-07T15:05:42 IST" name="Default suite" finished-at="2022-04-07T15:06:23 IST" duration-ms="41492">
    <groups>
    </groups>
    <test started-at="2022-04-07T15:05:42 IST" name="Default test" finished-at="2022-04-07T15:06:23 IST" duration-ms="41492">
      <class name="extendreport.Extendreport_utility$Extendreport">
        <test-method is-config="true" signature="ExtentsNg1()[pri:0, instance:extendreport.Extendreport_utility$Extendreport@71238fc2]" started-at="2022-04-07T15:05:42 IST" name="ExtentsNg1" finished-at="2022-04-07T15:05:42 IST" duration-ms="526" status="PASS">
          <reporter-output>
          </reporter-output>
        </test-method> <!-- ExtentsNg1 -->
        <test-method signature="launchreports()[pri:0, instance:extendreport.Extendreport_utility$Extendreport@71238fc2]" started-at="2022-04-07T15:05:42 IST" name="launchreports" finished-at="2022-04-07T15:06:23 IST" duration-ms="40913" status="PASS">
          <reporter-output>
          </reporter-output>
        </test-method> <!-- launchreports -->
      </class> <!-- extendreport.Extendreport_utility$Extendreport -->
    </test> <!-- Default test -->
  </suite> <!-- Default suite -->
</testng-results>
